2025-08-07 17:04:29,961 WARNING database DDL Query made to DB:
create table `tabHD Service Level Priority` (
			name varchar(140) primary key,
			creation datetime(6),
			modified datetime(6),
			modified_by varchar(140),
			owner varchar(140),
			docstatus int(1) not null default '0',
			idx int(8) not null default '0',
			`default_priority` int(1) not null default 0,
`priority` varchar(140),
`response_time` decimal(21,9),
`resolution_time` decimal(21,9),
parent varchar(140),
parentfield varchar(140),
parenttype varchar(140),
index parent(parent))
			ENGINE=InnoDB
			ROW_FORMAT=DYNAMIC
			CHARACTER SET=utf8mb4
			COLLATE=utf8mb4_unicode_ci
2025-08-07 17:04:30,022 WARNING database DDL Query made to DB:
create table `tabHD Form Script` (
			name varchar(140) primary key,
			creation datetime(6),
			modified datetime(6),
			modified_by varchar(140),
			owner varchar(140),
			docstatus int(1) not null default '0',
			idx int(8) not null default '0',
			`dt` varchar(140) default 'HD Ticket',
`apply_to` varchar(140) default 'Form',
`enabled` int(1) not null default 0,
`apply_to_customer_portal` int(1) not null default 0,
`apply_on_new_page` int(1) not null default 0,
`script` longtext default 'function setupForm({doc, updateField, call, router, toast, $dialog, createToast ,applyFilters}) {\n    return {\n        actions: [],\n        onChange:{\n//          works only for new ticket page\n            \"fieldname\":(newVal)=>console.log(newVal)\n        }\n    }\n}',
`_user_tags` text,
`_comments` text,
`_assign` text,
`_liked_by` text,
index modified(modified))
			ENGINE=InnoDB
			ROW_FORMAT=DYNAMIC
			CHARACTER SET=utf8mb4
			COLLATE=utf8mb4_unicode_ci
2025-08-07 17:04:30,088 WARNING database DDL Query made to DB:
create table `tabHD Agent` (
			name varchar(140) primary key,
			creation datetime(6),
			modified datetime(6),
			modified_by varchar(140),
			owner varchar(140),
			docstatus int(1) not null default '0',
			idx int(8) not null default '0',
			`user` varchar(140),
`agent_name` varchar(140),
`user_image` varchar(140),
`is_active` int(1) not null default 1,
`_user_tags` text,
`_comments` text,
`_assign` text,
`_liked_by` text,
index modified(modified))
			ENGINE=InnoDB
			ROW_FORMAT=DYNAMIC
			CHARACTER SET=utf8mb4
			COLLATE=utf8mb4_unicode_ci
2025-08-07 17:04:30,156 WARNING database DDL Query made to DB:
create table `tabHD Team` (
			name varchar(140) primary key,
			creation datetime(6),
			modified datetime(6),
			modified_by varchar(140),
			owner varchar(140),
			docstatus int(1) not null default '0',
			idx int(8) not null default '0',
			`team_name` varchar(140) unique,
`assignment_rule` varchar(140),
`ignore_restrictions` int(1) not null default 0,
`_user_tags` text,
`_comments` text,
`_assign` text,
`_liked_by` text,
index modified(modified))
			ENGINE=InnoDB
			ROW_FORMAT=DYNAMIC
			CHARACTER SET=utf8mb4
			COLLATE=utf8mb4_unicode_ci
